<?xml version="1.0" encoding="UTF-8"?>
<coverage generated="1726633019361" clover="3.2.0">
  <project timestamp="1726633019361" name="All files">
    <metrics statements="7" coveredstatements="7" conditionals="0" coveredconditionals="0" methods="0" coveredmethods="0" elements="7" coveredelements="7" complexity="0" loc="7" ncloc="7" packages="1" files="4" classes="4"/>
    <file name="CompletedTask.vue" path="/Users/motomura-it/Desktop/Training/vuejs/git/jest/src/components/CompletedTask.vue">
      <metrics statements="1" coveredstatements="1" conditionals="0" coveredconditionals="0" methods="0" coveredmethods="0"/>
      <line num="12" count="1" type="stmt"/>
    </file>
    <file name="TaskList.vue" path="/Users/motomura-it/Desktop/Training/vuejs/git/jest/src/components/TaskList.vue">
      <metrics statements="2" coveredstatements="2" conditionals="0" coveredconditionals="0" methods="0" coveredmethods="0"/>
      <line num="11" count="1" type="stmt"/>
      <line num="14" count="1" type="stmt"/>
    </file>
    <file name="TaskListWithFilter.vue" path="/Users/motomura-it/Desktop/Training/vuejs/git/jest/src/components/TaskListWithFilter.vue">
      <metrics statements="1" coveredstatements="1" conditionals="0" coveredconditionals="0" methods="0" coveredmethods="0"/>
      <line num="8" count="1" type="stmt"/>
    </file>
    <file name="VueFormGenerator.vue" path="/Users/motomura-it/Desktop/Training/vuejs/git/jest/src/components/VueFormGenerator.vue">
      <metrics statements="3" coveredstatements="3" conditionals="0" coveredconditionals="0" methods="0" coveredmethods="0"/>
      <line num="88" count="1" type="stmt"/>
      <line num="90" count="1" type="stmt"/>
      <line num="91" count="1" type="stmt"/>
    </file>
  </project>
</coverage>
