{"/Users/motomura-it/Desktop/Training/vuejs/git/jest/src/components/CompletedTask.vue": {"path":"/Users/motomura-it/Desktop/Training/vuejs/git/jest/src/components/CompletedTask.vue","statementMap":{"0":{"start":{"line":12,"column":0},"end":{"line":27,"column":null}}},"fnMap":{},"branchMap":{},"s":{"0":1},"f":{},"b":{}}
,"/Users/motomura-it/Desktop/Training/vuejs/git/jest/src/components/TaskList.vue": {"path":"/Users/motomura-it/Desktop/Training/vuejs/git/jest/src/components/TaskList.vue","statementMap":{"0":{"start":{"line":14,"column":0},"end":{"line":14,"column":null}},"1":{"start":{"line":11,"column":0},"end":{"line":35,"column":null}}},"fnMap":{},"branchMap":{},"s":{"0":1,"1":1},"f":{},"b":{}}
,"/Users/motomura-it/Desktop/Training/vuejs/git/jest/src/components/TaskListWithFilter.vue": {"path":"/Users/motomura-it/Desktop/Training/vuejs/git/jest/src/components/TaskListWithFilter.vue","statementMap":{"0":{"start":{"line":8,"column":0},"end":{"line":22,"column":null}}},"fnMap":{},"branchMap":{},"s":{"0":1},"f":{},"b":{}}
,"/Users/motomura-it/Desktop/Training/vuejs/git/jest/src/components/VueFormGenerator.vue": {"path":"/Users/motomura-it/Desktop/Training/vuejs/git/jest/src/components/VueFormGenerator.vue","statementMap":{"0":{"start":{"line":90,"column":0},"end":{"line":90,"column":null}},"1":{"start":{"line":91,"column":0},"end":{"line":91,"column":null}},"2":{"start":{"line":92,"column":0},"end":{"line":162,"column":null}}},"fnMap":{},"branchMap":{},"s":{"0":1,"1":1,"2":1},"f":{},"b":{}}
}
